<?xml version="1.0" encoding="UTF-8"?>
<testsuite xmlns:xsi="http://www.w3.org/2001/XMLSchema-instance" xsi:schemaLocation="https://maven.apache.org/surefire/maven-surefire-plugin/xsd/surefire-test-report.xsd" name="com.macys.marketing.loyalty.LtyIntegrationTest.runner.TestRunnerTest" time="8.93" tests="5" errors="2" skipped="0" failures="0">
  <properties>
    <property name="java.runtime.name" value="Java(TM) SE Runtime Environment"/>
    <property name="sun.boot.library.path" value="C:\Program Files\Java\jdk1.8.0_161\jre\bin"/>
    <property name="java.vm.version" value="25.161-b12"/>
    <property name="java.vm.vendor" value="Oracle Corporation"/>
    <property name="maven.multiModuleProjectDirectory" value="E:\Restassured\loyalty-integration-test\LtyIntegrationTest\LtyAccountLookUp"/>
    <property name="java.vendor.url" value="http://java.oracle.com/"/>
    <property name="path.separator" value=";"/>
    <property name="guice.disable.misplaced.annotation.check" value="true"/>
    <property name="java.vm.name" value="Java HotSpot(TM) 64-Bit Server VM"/>
    <property name="file.encoding.pkg" value="sun.io"/>
    <property name="user.script" value=""/>
    <property name="user.country" value="US"/>
    <property name="sun.java.launcher" value="SUN_STANDARD"/>
    <property name="sun.os.patch.level" value=""/>
    <property name="java.vm.specification.name" value="Java Virtual Machine Specification"/>
    <property name="user.dir" value="E:\Restassured\loyalty-integration-test\LtyIntegrationTest\LtyAccountLookUp"/>
    <property name="java.runtime.version" value="1.8.0_161-b12"/>
    <property name="java.awt.graphicsenv" value="sun.awt.Win32GraphicsEnvironment"/>
    <property name="java.endorsed.dirs" value="C:\Program Files\Java\jdk1.8.0_161\jre\lib\endorsed"/>
    <property name="os.arch" value="amd64"/>
    <property name="java.io.tmpdir" value="C:\Users\moirfan\AppData\Local\Temp\"/>
    <property name="line.separator" value="&#10;"/>
    <property name="java.vm.specification.vendor" value="Oracle Corporation"/>
    <property name="user.variant" value=""/>
    <property name="os.name" value="Windows 10"/>
    <property name="classworlds.conf" value="C:\maven\apache-maven-3.3.9\bin\..\bin\m2.conf"/>
    <property name="sun.jnu.encoding" value="Cp1252"/>
    <property name="java.library.path" value="C:\Program Files\Java\jdk1.8.0_161\bin;C:\Windows\Sun\Java\bin;C:\Windows\system32;C:\Windows;C:\ProgramData\Oracle\Java\javapath;C:\Windows\system32;C:\Windows;C:\Windows\System32\Wbem;C:\Windows\System32\WindowsPowerShell\v1.0\;C:\Program Files\TortoiseSVN\bin;C:\Program Files\Java\jdk1.8.0_161\bin;C:\maven\apache-maven-3.3.9\bin;C:\Program Files\nodejs\;C:\Users\moirfan\AppData\Local\Microsoft\WindowsApps;;C:\Program Files\Microsoft VS Code\bin;C:\Users\moirfan\AppData\Roaming\npm;."/>
    <property name="java.specification.name" value="Java Platform API Specification"/>
    <property name="java.class.version" value="52.0"/>
    <property name="sun.management.compiler" value="HotSpot 64-Bit Tiered Compilers"/>
    <property name="os.version" value="10.0"/>
    <property name="user.home" value="C:\Users\moirfan"/>
    <property name="user.timezone" value="Asia/Calcutta"/>
    <property name="java.awt.printerjob" value="sun.awt.windows.WPrinterJob"/>
    <property name="java.specification.version" value="1.8"/>
    <property name="file.encoding" value="Cp1252"/>
    <property name="user.name" value="moirfan"/>
    <property name="java.class.path" value="C:\maven\apache-maven-3.3.9\bin\..\boot\plexus-classworlds-2.5.2.jar"/>
    <property name="java.vm.specification.version" value="1.8"/>
    <property name="sun.arch.data.model" value="64"/>
    <property name="java.home" value="C:\Program Files\Java\jdk1.8.0_161\jre"/>
    <property name="sun.java.command" value="org.codehaus.plexus.classworlds.launcher.Launcher clean install"/>
    <property name="java.specification.vendor" value="Oracle Corporation"/>
    <property name="user.language" value="en"/>
    <property name="awt.toolkit" value="sun.awt.windows.WToolkit"/>
    <property name="java.vm.info" value="mixed mode"/>
    <property name="java.version" value="1.8.0_161"/>
    <property name="java.ext.dirs" value="C:\Program Files\Java\jdk1.8.0_161\jre\lib\ext;C:\Windows\Sun\Java\lib\ext"/>
    <property name="sun.boot.class.path" value="C:\Program Files\Java\jdk1.8.0_161\jre\lib\resources.jar;C:\Program Files\Java\jdk1.8.0_161\jre\lib\rt.jar;C:\Program Files\Java\jdk1.8.0_161\jre\lib\sunrsasign.jar;C:\Program Files\Java\jdk1.8.0_161\jre\lib\jsse.jar;C:\Program Files\Java\jdk1.8.0_161\jre\lib\jce.jar;C:\Program Files\Java\jdk1.8.0_161\jre\lib\charsets.jar;C:\Program Files\Java\jdk1.8.0_161\jre\lib\jfr.jar;C:\Program Files\Java\jdk1.8.0_161\jre\classes"/>
    <property name="sun.stderr.encoding" value="cp437"/>
    <property name="java.vendor" value="Oracle Corporation"/>
    <property name="maven.home" value="C:\maven\apache-maven-3.3.9\bin\.."/>
    <property name="file.separator" value="\"/>
    <property name="java.vendor.url.bug" value="http://bugreport.sun.com/bugreport/"/>
    <property name="sun.cpu.endian" value="little"/>
    <property name="sun.io.unicode.encoding" value="UnicodeLittle"/>
    <property name="sun.stdout.encoding" value="cp437"/>
    <property name="sun.desktop" value="windows"/>
    <property name="sun.cpu.isalist" value="amd64"/>
  </properties>
  <testcase name="Then I wait for 4000 millis" classname="Scenario: Passes scenario which has time wait.." time="0"/>
  <testcase name="Then I wait for 4000 millis" classname="Scenario: Passes scenario which has time wait.." time="0"/>
  <testcase name="Scenario: Passes scenario which has time wait.." classname="Scenario: Passes scenario which has time wait.." time="0"/>
  <testcase name="Then I LookUp Offer" classname="Scenario: Failed scenario which LookUps.." time="0">
    <error type="java.lang.NullPointerException">java.lang.NullPointerException
</error>
    <system-out><![CDATA[
  Scenario: Passes scenario which has time wait.. &amp#27;[90m# features/LtyLookUp/LoyaltyLookUpScenarios.feature:5&amp#27;[0m
    &amp#27;[32mThen &amp#27;[0m&amp#27;[32mI wait for &amp#27;[0m&amp#27;[32m&amp#27;[1m4000&amp#27;[0m&amp#27;[32m millis&amp#27;[0m                   &amp#27;[90m# LtyLookUpSteps.i_wait_some_time(int)&amp#27;[0m
    &amp#27;[32mThen &amp#27;[0m&amp#27;[32mI wait for &amp#27;[0m&amp#27;[32m&amp#27;[1m4000&amp#27;[0m&amp#27;[32m millis&amp#27;[0m                   &amp#27;[90m# LtyLookUpSteps.i_wait_some_time(int)&amp#27;[0m
TR=2018-04-16 16:50:57,383|INFO|com.macys.marketing.loyalty.LtyIntegrationTest.steps.ltyLookUp.LtyLookUpSteps|Start of Offer LookUp
TR=2018-04-16 16:50:57,383|INFO|com.macys.marketing.loyalty.LtyIntegrationTest.wrapper.LtyLookUpWrapper|Start of method :: lookupOfferInfo
TR=2018-04-16 16:50:57,430|INFO|com.macys.marketing.loyalty.LtyIntegrationTest.Client.impl.RestAssuredClientImpl|*********invokeService is starting*********
TR=2018-04-16 16:50:57,430|INFO|com.macys.marketing.loyalty.LtyIntegrationTest.Client.impl.RestAssuredClientImpl|Final uri:::::: 
TR=2018-04-16 16:50:57,430|INFO|com.macys.marketing.loyalty.LtyIntegrationTest.Client.impl.RestAssuredClientImpl|**********Request file name********** Request_LTYLookUP_Scenario1.xml
TR=2018-04-16 16:50:57,430|INFO|com.macys.marketing.loyalty.LtyIntegrationTest.Client.impl.RestAssuredClientImpl|*********getRequestBody starting**************
TR=2018-04-16 16:50:57,450|INFO|com.macys.marketing.loyalty.LtyIntegrationTest.Client.impl.RestAssuredClientImpl|*********getRequestBody ending**************
TR=2018-04-16 16:50:57,450|INFO|com.macys.marketing.loyalty.LtyIntegrationTest.Client.impl.RestAssuredClientImpl|**********updateDynamicRequestBody starting**********
]]></system-out>
  </testcase>
  <testcase name="Scenario: Failed scenario which LookUps.." classname="Scenario: Failed scenario which LookUps.." time="0">
    <error type="java.lang.NullPointerException">java.lang.NullPointerException
</error>
  </testcase>
</testsuite>